Flow report for counter
Thu May 13 21:04:24 2021
Quartus II Version 8.1 Build 163 10/28/2008 SJ Web Edition


---------------------
; Table of Contents ;
---------------------
  1. Legal Notice
  2. Flow Summary
  3. Flow Settings
  4. Flow Non-Default Global Settings
  5. Flow Elapsed Time
  6. Flow OS Summary
  7. Flow Log



----------------
; Legal Notice ;
----------------
Copyright (C) 1991-2008 Altera Corporation
Your use of Altera Corporation's design tools, logic functions 
and other software and tools, and its AMPP partner logic 
functions, and any output files from any of the foregoing 
(including device programming or simulation files), and any 
associated documentation or information are expressly subject 
to the terms and conditions of the Altera Program License 
Subscription Agreement, Altera MegaCore Function License 
Agreement, or other applicable license agreement, including, 
without limitation, that your use is for the sole purpose of 
programming logic devices manufactured by Altera and sold by 
Altera or its authorized distributors.  Please refer to the 
applicable agreement for further details.



+------------------------------------------------------------------------------+
; Flow Summary                                                                 ;
+------------------------------------+-----------------------------------------+
; Flow Status                        ; Successful - Thu May 13 21:04:24 2021   ;
; Quartus II Version                 ; 8.1 Build 163 10/28/2008 SJ Web Edition ;
; Revision Name                      ; counter                                 ;
; Top-level Entity Name              ; couter-with-pr                          ;
; Family                             ; Cyclone II                              ;
; Device                             ; EP2C8Q208C7                             ;
; Timing Models                      ; Final                                   ;
; Met timing requirements            ; No                                      ;
; Total logic elements               ; 32 / 8,256 ( < 1 % )                    ;
;     Total combinational functions  ; 32 / 8,256 ( < 1 % )                    ;
;     Dedicated logic registers      ; 8 / 8,256 ( < 1 % )                     ;
; Total registers                    ; 8                                       ;
; Total pins                         ; 19 / 138 ( 14 % )                       ;
; Total virtual pins                 ; 0                                       ;
; Total memory bits                  ; 0 / 165,888 ( 0 % )                     ;
; Embedded Multiplier 9-bit elements ; 0 / 36 ( 0 % )                          ;
; Total PLLs                         ; 0 / 2 ( 0 % )                           ;
+------------------------------------+-----------------------------------------+


+-----------------------------------------+
; Flow Settings                           ;
+-------------------+---------------------+
; Option            ; Setting             ;
+-------------------+---------------------+
; Start date & time ; 05/13/2021 21:04:17 ;
; Main task         ; Compilation         ;
; Revision Name     ; counter             ;
+-------------------+---------------------+


+---------------------------------------------------------------------------------------------------------------------------------------------------------------------------+
; Flow Non-Default Global Settings                                                                                                                                          ;
+------------------------------------+------------------------------------------------------------------------------------+---------------+----------------+----------------+
; Assignment Name                    ; Value                                                                              ; Default Value ; Entity Name    ; Section Id     ;
+------------------------------------+------------------------------------------------------------------------------------+---------------+----------------+----------------+
; COMPILER_SIGNATURE_ID              ; 109952948960618.162091105703804                                                    ; --            ; --             ; --             ;
; MAX_CORE_JUNCTION_TEMP             ; 85                                                                                 ; --            ; --             ; --             ;
; MIN_CORE_JUNCTION_TEMP             ; 0                                                                                  ; --            ; --             ; --             ;
; MISC_FILE                          ; D:/计组课设/GaoYue/counter/counter.dpf                                             ; --            ; --             ; --             ;
; MISC_FILE                          ; E:/Project/计组课设/sdu-computer-organization-project/GaoYue/counter/counter.dpf   ; --            ; --             ; --             ;
; MISC_FILE                          ; C:/Users/dell/Desktop/sdu-computer-organization-project/GaoYue/counter/counter.dpf ; --            ; --             ; --             ;
; PARTITION_COLOR                    ; 16764057                                                                           ; --            ; couter-with-pr ; Top            ;
; PARTITION_NETLIST_TYPE             ; SOURCE                                                                             ; --            ; couter-with-pr ; Top            ;
; TOP_LEVEL_ENTITY                   ; couter-with-pr                                                                     ; counter       ; --             ; --             ;
; USE_GENERATED_PHYSICAL_CONSTRAINTS ; Off                                                                                ; --            ; --             ; eda_blast_fpga ;
+------------------------------------+------------------------------------------------------------------------------------+---------------+----------------+----------------+


+-----------------------------------------------------------------------------------------------------------------------------+
; Flow Elapsed Time                                                                                                           ;
+-------------------------+--------------+-------------------------+---------------------+------------------------------------+
; Module Name             ; Elapsed Time ; Average Processors Used ; Peak Virtual Memory ; Total CPU Time (on all processors) ;
+-------------------------+--------------+-------------------------+---------------------+------------------------------------+
; Analysis & Synthesis    ; 00:00:01     ; 1.0                     ; 186 MB              ; 00:00:01                           ;
; Fitter                  ; 00:00:01     ; 1.0                     ; 206 MB              ; 00:00:01                           ;
; Assembler               ; 00:00:01     ; 1.0                     ; 185 MB              ; 00:00:01                           ;
; Classic Timing Analyzer ; 00:00:01     ; 1.0                     ; 144 MB              ; 00:00:00                           ;
; Total                   ; 00:00:04     ; --                      ; --                  ; 00:00:03                           ;
+-------------------------+--------------+-------------------------+---------------------+------------------------------------+


+------------------------------------------------------------------------------------------+
; Flow OS Summary                                                                          ;
+-------------------------+------------------+---------------+------------+----------------+
; Module Name             ; Machine Hostname ; OS Name       ; OS Version ; Processor type ;
+-------------------------+------------------+---------------+------------+----------------+
; Analysis & Synthesis    ; stu403-20        ; Windows Vista ; 6.1        ; i686           ;
; Fitter                  ; stu403-20        ; Windows Vista ; 6.1        ; i686           ;
; Assembler               ; stu403-20        ; Windows Vista ; 6.1        ; i686           ;
; Classic Timing Analyzer ; stu403-20        ; Windows Vista ; 6.1        ; i686           ;
+-------------------------+------------------+---------------+------------+----------------+


------------
; Flow Log ;
------------
quartus_map --read_settings_files=on --write_settings_files=off counter -c counter
quartus_fit --read_settings_files=off --write_settings_files=off counter -c counter
quartus_asm --read_settings_files=off --write_settings_files=off counter -c counter
quartus_tan --read_settings_files=off --write_settings_files=off counter -c counter --timing_analysis_only



