Classic Timing Analyzer report for shifter
Wed Apr 21 22:06:51 2021
Quartus II Version 8.1 Build 163 10/28/2008 SJ Web Edition


---------------------
; Table of Contents ;
---------------------
  1. Legal Notice
  2. Timing Analyzer Summary
  3. Timing Analyzer Settings
  4. tpd
  5. Timing Analyzer Messages



----------------
; Legal Notice ;
----------------
Copyright (C) 1991-2008 Altera Corporation
Your use of Altera Corporation's design tools, logic functions 
and other software and tools, and its AMPP partner logic 
functions, and any output files from any of the foregoing 
(including device programming or simulation files), and any 
associated documentation or information are expressly subject 
to the terms and conditions of the Altera Program License 
Subscription Agreement, Altera MegaCore Function License 
Agreement, or other applicable license agreement, including, 
without limitation, that your use is for the sole purpose of 
programming logic devices manufactured by Altera and sold by 
Altera or its authorized distributors.  Please refer to the 
applicable agreement for further details.



+-----------------------------------------------------------------------------------------------------------------------+
; Timing Analyzer Summary                                                                                               ;
+------------------------------+-------+---------------+-------------+------+----+------------+----------+--------------+
; Type                         ; Slack ; Required Time ; Actual Time ; From ; To ; From Clock ; To Clock ; Failed Paths ;
+------------------------------+-------+---------------+-------------+------+----+------------+----------+--------------+
; Worst-case tpd               ; N/A   ; None          ; 12.458 ns   ; a3   ; q3 ; --         ; --       ; 0            ;
; Total number of failed paths ;       ;               ;             ;      ;    ;            ;          ; 0            ;
+------------------------------+-------+---------------+-------------+------+----+------------+----------+--------------+


+--------------------------------------------------------------------------------------------------------------------+
; Timing Analyzer Settings                                                                                           ;
+---------------------------------------------------------------------+--------------------+------+----+-------------+
; Option                                                              ; Setting            ; From ; To ; Entity Name ;
+---------------------------------------------------------------------+--------------------+------+----+-------------+
; Device Name                                                         ; EP2C8Q208C7        ;      ;    ;             ;
; Timing Models                                                       ; Final              ;      ;    ;             ;
; Default hold multicycle                                             ; Same as Multicycle ;      ;    ;             ;
; Cut paths between unrelated clock domains                           ; On                 ;      ;    ;             ;
; Cut off read during write signal paths                              ; On                 ;      ;    ;             ;
; Cut off feedback from I/O pins                                      ; On                 ;      ;    ;             ;
; Report Combined Fast/Slow Timing                                    ; Off                ;      ;    ;             ;
; Ignore Clock Settings                                               ; Off                ;      ;    ;             ;
; Analyze latches as synchronous elements                             ; On                 ;      ;    ;             ;
; Enable Recovery/Removal analysis                                    ; Off                ;      ;    ;             ;
; Enable Clock Latency                                                ; Off                ;      ;    ;             ;
; Use TimeQuest Timing Analyzer                                       ; Off                ;      ;    ;             ;
; Minimum Core Junction Temperature                                   ; 0                  ;      ;    ;             ;
; Maximum Core Junction Temperature                                   ; 85                 ;      ;    ;             ;
; Number of source nodes to report per destination node               ; 10                 ;      ;    ;             ;
; Number of destination nodes to report                               ; 10                 ;      ;    ;             ;
; Number of paths to report                                           ; 200                ;      ;    ;             ;
; Report Minimum Timing Checks                                        ; Off                ;      ;    ;             ;
; Use Fast Timing Models                                              ; Off                ;      ;    ;             ;
; Report IO Paths Separately                                          ; Off                ;      ;    ;             ;
; Perform Multicorner Analysis                                        ; On                 ;      ;    ;             ;
; Reports the worst-case path for each clock domain and analysis      ; Off                ;      ;    ;             ;
; Removes common clock path pessimism (CCPP) during slack computation ; Off                ;      ;    ;             ;
; Output I/O Timing Endpoint                                          ; Near End           ;      ;    ;             ;
+---------------------------------------------------------------------+--------------------+------+----+-------------+


+---------------------------------------------------------+
; tpd                                                     ;
+-------+-------------------+-----------------+------+----+
; Slack ; Required P2P Time ; Actual P2P Time ; From ; To ;
+-------+-------------------+-----------------+------+----+
; N/A   ; None              ; 12.458 ns       ; a3   ; q3 ;
; N/A   ; None              ; 11.850 ns       ; LM   ; q3 ;
; N/A   ; None              ; 11.663 ns       ; a1   ; q2 ;
; N/A   ; None              ; 11.637 ns       ; LM   ; q2 ;
; N/A   ; None              ; 11.573 ns       ; a2   ; q3 ;
; N/A   ; None              ; 11.558 ns       ; a2   ; q2 ;
; N/A   ; None              ; 11.502 ns       ; a1   ; q1 ;
; N/A   ; None              ; 11.487 ns       ; DM   ; q3 ;
; N/A   ; None              ; 11.476 ns       ; LM   ; q0 ;
; N/A   ; None              ; 11.466 ns       ; LM   ; q1 ;
; N/A   ; None              ; 11.352 ns       ; D1   ; q0 ;
; N/A   ; None              ; 11.281 ns       ; a1   ; q0 ;
; N/A   ; None              ; 11.274 ns       ; DM   ; q2 ;
; N/A   ; None              ; 11.115 ns       ; DM   ; q0 ;
; N/A   ; None              ; 11.106 ns       ; DM   ; q1 ;
; N/A   ; None              ; 11.087 ns       ; a3   ; q2 ;
; N/A   ; None              ; 10.926 ns       ; a2   ; q1 ;
; N/A   ; None              ; 10.870 ns       ; D1   ; q3 ;
; N/A   ; None              ; 10.405 ns       ; RM   ; q0 ;
; N/A   ; None              ; 10.394 ns       ; RM   ; q1 ;
; N/A   ; None              ; 10.392 ns       ; RM   ; q3 ;
; N/A   ; None              ; 10.210 ns       ; RM   ; q2 ;
; N/A   ; None              ; 7.495 ns        ; a0   ; q1 ;
; N/A   ; None              ; 7.305 ns        ; a0   ; q0 ;
+-------+-------------------+-----------------+------+----+


+--------------------------+
; Timing Analyzer Messages ;
+--------------------------+
Info: *******************************************************************
Info: Running Quartus II Classic Timing Analyzer
    Info: Version 8.1 Build 163 10/28/2008 SJ Web Edition
    Info: Processing started: Wed Apr 21 22:06:51 2021
Info: Command: quartus_tan --read_settings_files=off --write_settings_files=off shifter -c shifter --timing_analysis_only
Info: Longest tpd from source pin "a3" to destination pin "q3" is 12.458 ns
    Info: 1: + IC(0.000 ns) + CELL(0.913 ns) = 0.913 ns; Loc. = PIN_198; Fanout = 2; PIN Node = 'a3'
    Info: 2: + IC(6.186 ns) + CELL(0.521 ns) = 7.620 ns; Loc. = LCCOMB_X2_Y2_N24; Fanout = 1; COMB Node = 'inst12~6'
    Info: 3: + IC(0.307 ns) + CELL(0.545 ns) = 8.472 ns; Loc. = LCCOMB_X2_Y2_N26; Fanout = 1; COMB Node = 'inst12'
    Info: 4: + IC(1.116 ns) + CELL(2.870 ns) = 12.458 ns; Loc. = PIN_39; Fanout = 0; PIN Node = 'q3'
    Info: Total cell delay = 4.849 ns ( 38.92 % )
    Info: Total interconnect delay = 7.609 ns ( 61.08 % )
Info: Quartus II Classic Timing Analyzer was successful. 0 errors, 0 warnings
    Info: Peak virtual memory: 214 megabytes
    Info: Processing ended: Wed Apr 21 22:06:51 2021
    Info: Elapsed time: 00:00:00
    Info: Total CPU time (on all processors): 00:00:00


