Flow report for THREE-STATE-GATE
Thu Apr 22 00:03:59 2021
Quartus II Version 8.1 Build 163 10/28/2008 SJ Web Edition


---------------------
; Table of Contents ;
---------------------
  1. Legal Notice
  2. Flow Summary
  3. Flow Settings
  4. Flow Non-Default Global Settings
  5. Flow Elapsed Time
  6. Flow OS Summary
  7. Flow Log



----------------
; Legal Notice ;
----------------
Copyright (C) 1991-2008 Altera Corporation
Your use of Altera Corporation's design tools, logic functions 
and other software and tools, and its AMPP partner logic 
functions, and any output files from any of the foregoing 
(including device programming or simulation files), and any 
associated documentation or information are expressly subject 
to the terms and conditions of the Altera Program License 
Subscription Agreement, Altera MegaCore Function License 
Agreement, or other applicable license agreement, including, 
without limitation, that your use is for the sole purpose of 
programming logic devices manufactured by Altera and sold by 
Altera or its authorized distributors.  Please refer to the 
applicable agreement for further details.



+------------------------------------------------------------------------------+
; Flow Summary                                                                 ;
+------------------------------------+-----------------------------------------+
; Flow Status                        ; Successful - Thu Apr 22 00:03:59 2021   ;
; Quartus II Version                 ; 8.1 Build 163 10/28/2008 SJ Web Edition ;
; Revision Name                      ; THREE-STATE-GATE                        ;
; Top-level Entity Name              ; THREE-STATE-DOUBLE-GATE                 ;
; Family                             ; Cyclone II                              ;
; Device                             ; EP2C8Q208C7                             ;
; Timing Models                      ; Final                                   ;
; Met timing requirements            ; Yes                                     ;
; Total logic elements               ; 0 / 8,256 ( 0 % )                       ;
;     Total combinational functions  ; 0 / 8,256 ( 0 % )                       ;
;     Dedicated logic registers      ; 0 / 8,256 ( 0 % )                       ;
; Total registers                    ; 0                                       ;
; Total pins                         ; 26 / 138 ( 19 % )                       ;
; Total virtual pins                 ; 0                                       ;
; Total memory bits                  ; 0 / 165,888 ( 0 % )                     ;
; Embedded Multiplier 9-bit elements ; 0 / 36 ( 0 % )                          ;
; Total PLLs                         ; 0 / 2 ( 0 % )                           ;
+------------------------------------+-----------------------------------------+


+-----------------------------------------+
; Flow Settings                           ;
+-------------------+---------------------+
; Option            ; Setting             ;
+-------------------+---------------------+
; Start date & time ; 04/22/2021 00:03:53 ;
; Main task         ; Compilation         ;
; Revision Name     ; THREE-STATE-GATE    ;
+-------------------+---------------------+


+------------------------------------------------------------------------------------------------------------------------------------+
; Flow Non-Default Global Settings                                                                                                   ;
+------------------------------------+---------------------------------+------------------+-------------------------+----------------+
; Assignment Name                    ; Value                           ; Default Value    ; Entity Name             ; Section Id     ;
+------------------------------------+---------------------------------+------------------+-------------------------+----------------+
; COMPILER_SIGNATURE_ID              ; 141812763934858.161902103314824 ; --               ; --                      ; --             ;
; MAX_CORE_JUNCTION_TEMP             ; 85                              ; --               ; --                      ; --             ;
; MIN_CORE_JUNCTION_TEMP             ; 0                               ; --               ; --                      ; --             ;
; PARTITION_COLOR                    ; 16764057                        ; --               ; THREE-STATE-DOUBLE-GATE ; Top            ;
; PARTITION_NETLIST_TYPE             ; SOURCE                          ; --               ; THREE-STATE-DOUBLE-GATE ; Top            ;
; TOP_LEVEL_ENTITY                   ; THREE-STATE-DOUBLE-GATE         ; THREE-STATE-GATE ; --                      ; --             ;
; USE_GENERATED_PHYSICAL_CONSTRAINTS ; Off                             ; --               ; --                      ; eda_blast_fpga ;
+------------------------------------+---------------------------------+------------------+-------------------------+----------------+


+-----------------------------------------------------------------------------------------------------------------------------+
; Flow Elapsed Time                                                                                                           ;
+-------------------------+--------------+-------------------------+---------------------+------------------------------------+
; Module Name             ; Elapsed Time ; Average Processors Used ; Peak Virtual Memory ; Total CPU Time (on all processors) ;
+-------------------------+--------------+-------------------------+---------------------+------------------------------------+
; Analysis & Synthesis    ; 00:00:00     ; 1.0                     ; 227 MB              ; 00:00:01                           ;
; Fitter                  ; 00:00:02     ; 1.0                     ; 260 MB              ; 00:00:01                           ;
; Assembler               ; 00:00:00     ; 1.0                     ; 226 MB              ; 00:00:01                           ;
; Classic Timing Analyzer ; 00:00:01     ; 1.0                     ; 182 MB              ; 00:00:00                           ;
; Total                   ; 00:00:03     ; --                      ; --                  ; 00:00:03                           ;
+-------------------------+--------------+-------------------------+---------------------+------------------------------------+


+------------------------------------------------------------------------------------------+
; Flow OS Summary                                                                          ;
+-------------------------+------------------+---------------+------------+----------------+
; Module Name             ; Machine Hostname ; OS Name       ; OS Version ; Processor type ;
+-------------------------+------------------+---------------+------------+----------------+
; Analysis & Synthesis    ; 何锐的神船       ; Windows Vista ; 6.2        ; x86_64         ;
; Fitter                  ; 何锐的神船       ; Windows Vista ; 6.2        ; x86_64         ;
; Assembler               ; 何锐的神船       ; Windows Vista ; 6.2        ; x86_64         ;
; Classic Timing Analyzer ; 何锐的神船       ; Windows Vista ; 6.2        ; x86_64         ;
+-------------------------+------------------+---------------+------------+----------------+


------------
; Flow Log ;
------------
quartus_map --read_settings_files=on --write_settings_files=off THREE-STATE-GATE -c THREE-STATE-GATE
quartus_fit --read_settings_files=off --write_settings_files=off THREE-STATE-GATE -c THREE-STATE-GATE
quartus_asm --read_settings_files=off --write_settings_files=off THREE-STATE-GATE -c THREE-STATE-GATE
quartus_tan --read_settings_files=off --write_settings_files=off THREE-STATE-GATE -c THREE-STATE-GATE --timing_analysis_only



