Flow report for ModelMachine
Sat May 22 16:50:01 2021
Quartus II Version 8.1 Build 163 10/28/2008 SJ Web Edition


---------------------
; Table of Contents ;
---------------------
  1. Legal Notice
  2. Flow Summary
  3. Flow Settings
  4. Flow Non-Default Global Settings
  5. Flow Elapsed Time
  6. Flow OS Summary
  7. Flow Log



----------------
; Legal Notice ;
----------------
Copyright (C) 1991-2008 Altera Corporation
Your use of Altera Corporation's design tools, logic functions 
and other software and tools, and its AMPP partner logic 
functions, and any output files from any of the foregoing 
(including device programming or simulation files), and any 
associated documentation or information are expressly subject 
to the terms and conditions of the Altera Program License 
Subscription Agreement, Altera MegaCore Function License 
Agreement, or other applicable license agreement, including, 
without limitation, that your use is for the sole purpose of 
programming logic devices manufactured by Altera and sold by 
Altera or its authorized distributors.  Please refer to the 
applicable agreement for further details.



+------------------------------------------------------------------------------+
; Flow Summary                                                                 ;
+------------------------------------+-----------------------------------------+
; Flow Status                        ; Successful - Sat May 22 16:50:01 2021   ;
; Quartus II Version                 ; 8.1 Build 163 10/28/2008 SJ Web Edition ;
; Revision Name                      ; ModelMachine                            ;
; Top-level Entity Name              ; ModelMachine                            ;
; Family                             ; Cyclone II                              ;
; Device                             ; EP2C8Q208C7                             ;
; Timing Models                      ; Final                                   ;
; Met timing requirements            ; No                                      ;
; Total logic elements               ; 294 / 8,256 ( 4 % )                     ;
;     Total combinational functions  ; 282 / 8,256 ( 3 % )                     ;
;     Dedicated logic registers      ; 107 / 8,256 ( 1 % )                     ;
; Total registers                    ; 107                                     ;
; Total pins                         ; 75 / 138 ( 54 % )                       ;
; Total virtual pins                 ; 0                                       ;
; Total memory bits                  ; 0 / 165,888 ( 0 % )                     ;
; Embedded Multiplier 9-bit elements ; 0 / 36 ( 0 % )                          ;
; Total PLLs                         ; 0 / 2 ( 0 % )                           ;
+------------------------------------+-----------------------------------------+


+-----------------------------------------+
; Flow Settings                           ;
+-------------------+---------------------+
; Option            ; Setting             ;
+-------------------+---------------------+
; Start date & time ; 05/22/2021 16:49:52 ;
; Main task         ; Compilation         ;
; Revision Name     ; ModelMachine        ;
+-------------------+---------------------+


+---------------------------------------------------------------------------------------------------------------------------------------------------------------------------+
; Flow Non-Default Global Settings                                                                                                                                          ;
+------------------------------------+---------------------------------------------------------------------------------------+---------------+-------------+----------------+
; Assignment Name                    ; Value                                                                                 ; Default Value ; Entity Name ; Section Id     ;
+------------------------------------+---------------------------------------------------------------------------------------+---------------+-------------+----------------+
; COMPILER_SIGNATURE_ID              ; 109952948965418.162167339104996                                                       ; --            ; --          ; --             ;
; MAX_CORE_JUNCTION_TEMP             ; 85                                                                                    ; --            ; --          ; --             ;
; MIN_CORE_JUNCTION_TEMP             ; 0                                                                                     ; --            ; --          ; --             ;
; MISC_FILE                          ; E:/Project/¼Æ×é¿ÎÉè/sdu-computer-organization-project/ModelMachine/ModelMachine.dpf   ; --            ; --          ; --             ;
; MISC_FILE                          ; D:/sdu-computer-organization-project/ModelMachine/ModelMachine.dpf                    ; --            ; --          ; --             ;
; MISC_FILE                          ; C:/Users/dell/Desktop/sdu-computer-organization-project/ModelMachine/ModelMachine.dpf ; --            ; --          ; --             ;
; PARTITION_COLOR                    ; 16764057                                                                              ; --            ; --          ; Top            ;
; PARTITION_NETLIST_TYPE             ; SOURCE                                                                                ; --            ; --          ; Top            ;
; USE_GENERATED_PHYSICAL_CONSTRAINTS ; Off                                                                                   ; --            ; --          ; eda_blast_fpga ;
+------------------------------------+---------------------------------------------------------------------------------------+---------------+-------------+----------------+


+-----------------------------------------------------------------------------------------------------------------------------+
; Flow Elapsed Time                                                                                                           ;
+-------------------------+--------------+-------------------------+---------------------+------------------------------------+
; Module Name             ; Elapsed Time ; Average Processors Used ; Peak Virtual Memory ; Total CPU Time (on all processors) ;
+-------------------------+--------------+-------------------------+---------------------+------------------------------------+
; Analysis & Synthesis    ; 00:00:03     ; 1.0                     ; 194 MB              ; 00:00:02                           ;
; Fitter                  ; 00:00:02     ; 1.0                     ; 207 MB              ; 00:00:02                           ;
; Assembler               ; 00:00:01     ; 1.0                     ; 186 MB              ; 00:00:01                           ;
; Classic Timing Analyzer ; 00:00:01     ; 1.0                     ; 148 MB              ; 00:00:01                           ;
; Total                   ; 00:00:07     ; --                      ; --                  ; 00:00:06                           ;
+-------------------------+--------------+-------------------------+---------------------+------------------------------------+


+------------------------------------------------------------------------------------------+
; Flow OS Summary                                                                          ;
+-------------------------+------------------+---------------+------------+----------------+
; Module Name             ; Machine Hostname ; OS Name       ; OS Version ; Processor type ;
+-------------------------+------------------+---------------+------------+----------------+
; Analysis & Synthesis    ; 503-42           ; Windows Vista ; 6.1        ; i686           ;
; Fitter                  ; 503-42           ; Windows Vista ; 6.1        ; i686           ;
; Assembler               ; 503-42           ; Windows Vista ; 6.1        ; i686           ;
; Classic Timing Analyzer ; 503-42           ; Windows Vista ; 6.1        ; i686           ;
+-------------------------+------------------+---------------+------------+----------------+


------------
; Flow Log ;
------------
quartus_map --read_settings_files=on --write_settings_files=off ModelMachine -c ModelMachine
quartus_fit --read_settings_files=off --write_settings_files=off ModelMachine -c ModelMachine
quartus_asm --read_settings_files=off --write_settings_files=off ModelMachine -c ModelMachine
quartus_tan --read_settings_files=off --write_settings_files=off ModelMachine -c ModelMachine --timing_analysis_only



